{"C:\\Users\\harsh\\Desktop\\test_projects\\src\\functions\\add.js": {"path":"C:\\Users\\harsh\\Desktop\\test_projects\\src\\functions\\add.js","statementMap":{"0":{"start":{"line":4,"column":4},"end":{"line":4,"column":17}},"1":{"start":{"line":7,"column":0},"end":{"line":7,"column":21}}},"fnMap":{"0":{"name":"add","decl":{"start":{"line":3,"column":9},"end":{"line":3,"column":12}},"loc":{"start":{"line":3,"column":19},"end":{"line":5,"column":1}},"line":3}},"branchMap":{},"s":{"0":1,"1":1},"f":{"0":1},"b":{},"_coverageSchema":"1a1c01bbd47fc00a2c39e90264f33305004495a9","hash":"483c251595c6c6cc2ae20e95fc69994087b52fd1"}
,"C:\\Users\\harsh\\Desktop\\test_projects\\src\\functions\\apiData.js": {"path":"C:\\Users\\harsh\\Desktop\\test_projects\\src\\functions\\apiData.js","statementMap":{"0":{"start":{"line":3,"column":19},"end":{"line":3,"column":35}},"1":{"start":{"line":5,"column":2},"end":{"line":7,"column":3}},"2":{"start":{"line":6,"column":4},"end":{"line":6,"column":52}},"3":{"start":{"line":9,"column":15},"end":{"line":9,"column":30}},"4":{"start":{"line":10,"column":2},"end":{"line":10,"column":14}},"5":{"start":{"line":13,"column":0},"end":{"line":13,"column":31}}},"fnMap":{"0":{"name":"fetchData","decl":{"start":{"line":1,"column":15},"end":{"line":1,"column":24}},"loc":{"start":{"line":1,"column":30},"end":{"line":11,"column":1}},"line":1}},"branchMap":{"0":{"loc":{"start":{"line":5,"column":2},"end":{"line":7,"column":3}},"type":"if","locations":[{"start":{"line":5,"column":2},"end":{"line":7,"column":3}},{"start":{},"end":{}}],"line":5}},"s":{"0":2,"1":2,"2":1,"3":1,"4":1,"5":1},"f":{"0":2},"b":{"0":[1,1]},"_coverageSchema":"1a1c01bbd47fc00a2c39e90264f33305004495a9","hash":"3b8708cf459e10eccdd2edd0c2871f9acfe44d7f"}
}
